==00:00:00:00.000 18763== Memcheck, a memory error detector
==00:00:00:00.000 18763== Copyright (C) 2002-2012, and GNU GPL'd, by Julian Seward et al.
==00:00:00:00.000 18763== Using Valgrind-3.8.1 and LibVEX; rerun with -h for copyright info
==00:00:00:00.000 18763== Command: ./interfaz_main
==00:00:00:00.000 18763== Parent PID: 18762
==00:00:00:00.000 18763== 
==00:00:00:00.660 18763== Conditional jump or move depends on uninitialised value(s)
==00:00:00:00.660 18763==    at 0x400ABBD: memcpy (mc_replace_strmem.c:120)
==00:00:00:00.660 18763==    by 0x804E714: SerialBuffer::unpack(void*) (fisica_SerialBuffer.cpp:48)
==00:00:00:00.660 18763==    by 0x804BECE: ArbolBmas::cargarMetadata() (logica_ArbolBmas.cpp:252)
==00:00:00:00.660 18763==    by 0x804A9C6: main (interfaz_main.cpp:10)
==00:00:00:00.660 18763== 
==00:00:00:00.661 18763== Use of uninitialised value of size 4
==00:00:00:00.661 18763==    at 0x804E6F5: SerialBuffer::unpack(void*) (fisica_SerialBuffer.cpp:46)
==00:00:00:00.661 18763==    by 0x804BEE1: ArbolBmas::cargarMetadata() (logica_ArbolBmas.cpp:253)
==00:00:00:00.661 18763==    by 0x804A9C6: main (interfaz_main.cpp:10)
==00:00:00:00.661 18763== 
==00:00:00:00.662 18763== Conditional jump or move depends on uninitialised value(s)
==00:00:00:00.662 18763==    at 0x400ABBD: memcpy (mc_replace_strmem.c:120)
==00:00:00:00.662 18763==    by 0x804E714: SerialBuffer::unpack(void*) (fisica_SerialBuffer.cpp:48)
==00:00:00:00.662 18763==    by 0x804BEE1: ArbolBmas::cargarMetadata() (logica_ArbolBmas.cpp:253)
==00:00:00:00.662 18763==    by 0x804A9C6: main (interfaz_main.cpp:10)
==00:00:00:00.662 18763== 
==00:00:00:00.663 18763== Use of uninitialised value of size 4
==00:00:00:00.663 18763==    at 0x804E6F5: SerialBuffer::unpack(void*) (fisica_SerialBuffer.cpp:46)
==00:00:00:00.663 18763==    by 0x804BEF4: ArbolBmas::cargarMetadata() (logica_ArbolBmas.cpp:255)
==00:00:00:00.663 18763==    by 0x804A9C6: main (interfaz_main.cpp:10)
==00:00:00:00.663 18763== 
==00:00:00:00.663 18763== Conditional jump or move depends on uninitialised value(s)
==00:00:00:00.663 18763==    at 0x400ABBD: memcpy (mc_replace_strmem.c:120)
==00:00:00:00.663 18763==    by 0x804E714: SerialBuffer::unpack(void*) (fisica_SerialBuffer.cpp:48)
==00:00:00:00.663 18763==    by 0x804BEF4: ArbolBmas::cargarMetadata() (logica_ArbolBmas.cpp:255)
==00:00:00:00.663 18763==    by 0x804A9C6: main (interfaz_main.cpp:10)
==00:00:00:00.663 18763== 
==00:00:00:00.698 18763== Conditional jump or move depends on uninitialised value(s)
==00:00:00:00.698 18763==    at 0x4EFC4A7F: std::ostreambuf_iterator<char, std::char_traits<char> > std::num_put<char, std::ostreambuf_iterator<char, std::char_traits<char> > >::_M_insert_int<unsigned long>(std::ostreambuf_iterator<char, std::char_traits<char> >, std::ios_base&, char, unsigned long) const (in /usr/lib/libstdc++.so.6.0.17)
==00:00:00:00.698 18763==    by 0x4EFC4D53: std::num_put<char, std::ostreambuf_iterator<char, std::char_traits<char> > >::do_put(std::ostreambuf_iterator<char, std::char_traits<char> >, std::ios_base&, char, unsigned long) const (in /usr/lib/libstdc++.so.6.0.17)
==00:00:00:00.699 18763==    by 0x4EFC88E8: std::ostream& std::ostream::_M_insert<unsigned long>(unsigned long) (in /usr/lib/libstdc++.so.6.0.17)
==00:00:00:00.699 18763==    by 0x4EFC8A93: std::ostream::operator<<(unsigned int) (in /usr/lib/libstdc++.so.6.0.17)
==00:00:00:00.699 18763==    by 0x804BF4E: ArbolBmas::cargarMetadata() (logica_ArbolBmas.cpp:258)
==00:00:00:00.700 18763==    by 0x804A9C6: main (interfaz_main.cpp:10)
==00:00:00:00.700 18763== 
==00:00:00:00.700 18763== Use of uninitialised value of size 4
==00:00:00:00.700 18763==    at 0x4EFB9553: ??? (in /usr/lib/libstdc++.so.6.0.17)
==00:00:00:00.700 18763==    by 0x4EFC4AAE: std::ostreambuf_iterator<char, std::char_traits<char> > std::num_put<char, std::ostreambuf_iterator<char, std::char_traits<char> > >::_M_insert_int<unsigned long>(std::ostreambuf_iterator<char, std::char_traits<char> >, std::ios_base&, char, unsigned long) const (in /usr/lib/libstdc++.so.6.0.17)
==00:00:00:00.700 18763==    by 0x4EFC4D53: std::num_put<char, std::ostreambuf_iterator<char, std::char_traits<char> > >::do_put(std::ostreambuf_iterator<char, std::char_traits<char> >, std::ios_base&, char, unsigned long) const (in /usr/lib/libstdc++.so.6.0.17)
==00:00:00:00.700 18763==    by 0x4EFC88E8: std::ostream& std::ostream::_M_insert<unsigned long>(unsigned long) (in /usr/lib/libstdc++.so.6.0.17)
==00:00:00:00.700 18763==    by 0x4EFC8A93: std::ostream::operator<<(unsigned int) (in /usr/lib/libstdc++.so.6.0.17)
==00:00:00:00.700 18763==    by 0x804BF4E: ArbolBmas::cargarMetadata() (logica_ArbolBmas.cpp:258)
==00:00:00:00.700 18763==    by 0x804A9C6: main (interfaz_main.cpp:10)
==00:00:00:00.701 18763== 
==00:00:00:00.701 18763== Conditional jump or move depends on uninitialised value(s)
==00:00:00:00.701 18763==    at 0x4EFB955C: ??? (in /usr/lib/libstdc++.so.6.0.17)
==00:00:00:00.701 18763==    by 0x4EFC4AAE: std::ostreambuf_iterator<char, std::char_traits<char> > std::num_put<char, std::ostreambuf_iterator<char, std::char_traits<char> > >::_M_insert_int<unsigned long>(std::ostreambuf_iterator<char, std::char_traits<char> >, std::ios_base&, char, unsigned long) const (in /usr/lib/libstdc++.so.6.0.17)
==00:00:00:00.701 18763==    by 0x4EFC4D53: std::num_put<char, std::ostreambuf_iterator<char, std::char_traits<char> > >::do_put(std::ostreambuf_iterator<char, std::char_traits<char> >, std::ios_base&, char, unsigned long) const (in /usr/lib/libstdc++.so.6.0.17)
==00:00:00:00.701 18763==    by 0x4EFC88E8: std::ostream& std::ostream::_M_insert<unsigned long>(unsigned long) (in /usr/lib/libstdc++.so.6.0.17)
==00:00:00:00.701 18763==    by 0x4EFC8A93: std::ostream::operator<<(unsigned int) (in /usr/lib/libstdc++.so.6.0.17)
==00:00:00:00.701 18763==    by 0x804BF4E: ArbolBmas::cargarMetadata() (logica_ArbolBmas.cpp:258)
==00:00:00:00.701 18763==    by 0x804A9C6: main (interfaz_main.cpp:10)
==00:00:00:00.701 18763== 
==00:00:00:00.731 18763== Conditional jump or move depends on uninitialised value(s)
==00:00:00:00.731 18763==    at 0x804BE43: ArbolBmas::~ArbolBmas() (logica_ArbolBmas.cpp:51)
==00:00:00:00.731 18763==    by 0x804A9FA: main (interfaz_main.cpp:17)
==00:00:00:00.732 18763== 
==00:00:00:00.732 18763== Use of uninitialised value of size 4
==00:00:00:00.732 18763==    at 0x804BE45: ArbolBmas::~ArbolBmas() (logica_ArbolBmas.cpp:51)
==00:00:00:00.733 18763==    by 0x804A9FA: main (interfaz_main.cpp:17)
==00:00:00:00.733 18763== 
==00:00:00:00.734 18763== Invalid free() / delete / delete[] / realloc()
==00:00:00:00.735 18763==    at 0x4007B2E: operator delete(void*) (vg_replace_malloc.c:480)
==00:00:00:00.735 18763==    by 0x4EFE9332: ??? (in /usr/lib/libstdc++.so.6.0.17)
==00:00:00:00.735 18763==    by 0x804A9FA: main (interfaz_main.cpp:17)
==00:00:00:00.735 18763==  Address 0x4f02af6c is in the BSS segment of /usr/lib/libstdc++.so.6.0.17
==00:00:00:00.735 18763== 
==00:00:00:00.800 18763== 
==00:00:00:00.801 18763== FILE DESCRIPTORS: 4 open at exit.
==00:00:00:00.801 18763== Open file descriptor 3: /run/media/federicorossi/Archivos/Federico/UBA/Carrera de grado/Materias/75.06 Organización de Datos/Trabajos practicos/7506-tp-grupo07/codigo/valgrind.out
==00:00:00:00.801 18763==    <inherited from parent>
==00:00:00:00.801 18763== 
==00:00:00:00.801 18763== Open file descriptor 2: /dev/pts/0
==00:00:00:00.801 18763==    <inherited from parent>
==00:00:00:00.801 18763== 
==00:00:00:00.801 18763== Open file descriptor 1: /dev/pts/0
==00:00:00:00.802 18763==    <inherited from parent>
==00:00:00:00.802 18763== 
==00:00:00:00.802 18763== Open file descriptor 0: /dev/pts/0
==00:00:00:00.802 18763==    <inherited from parent>
==00:00:00:00.802 18763== 
==00:00:00:00.802 18763== 
==00:00:00:00.802 18763== HEAP SUMMARY:
==00:00:00:00.802 18763==     in use at exit: 0 bytes in 0 blocks
==00:00:00:00.802 18763==   total heap usage: 8 allocs, 9 frees, 18,424 bytes allocated
==00:00:00:00.802 18763== 
==00:00:00:00.802 18763== All heap blocks were freed -- no leaks are possible
==00:00:00:00.802 18763== 
==00:00:00:00.802 18763== For counts of detected and suppressed errors, rerun with: -v
==00:00:00:00.802 18763== Use --track-origins=yes to see where uninitialised values come from
==00:00:00:00.802 18763== ERROR SUMMARY: 27 errors from 11 contexts (suppressed: 0 from 0)
